ARM GAS  C:\Users\Javis\AppData\Local\Temp\ccEbdjPs.s 			page 1


   1              		.cpu cortex-m3
   2              		.eabi_attribute 20, 1
   3              		.eabi_attribute 21, 1
   4              		.eabi_attribute 23, 3
   5              		.eabi_attribute 24, 1
   6              		.eabi_attribute 25, 1
   7              		.eabi_attribute 26, 1
   8              		.eabi_attribute 30, 1
   9              		.eabi_attribute 34, 1
  10              		.eabi_attribute 18, 4
  11              		.file	"LM75A.c"
  12              		.text
  13              	.Ltext0:
  14              		.cfi_sections	.debug_frame
  15              		.global	__aeabi_i2d
  16              		.global	__aeabi_dmul
  17              		.global	__aeabi_dadd
  18              		.global	__aeabi_d2uiz
  19              		.section	.text.LM75A_GetTemperature,"ax",%progbits
  20              		.align	1
  21              		.global	LM75A_GetTemperature
  22              		.arch armv7-m
  23              		.syntax unified
  24              		.thumb
  25              		.thumb_func
  26              		.fpu softvfp
  28              	LM75A_GetTemperature:
  29              	.LFB65:
  30              		.file 1 "Src/LM75A.c"
   1:Src/LM75A.c   **** 
   2:Src/LM75A.c   **** #include "LM75A.h"
   3:Src/LM75A.c   **** 
   4:Src/LM75A.c   **** TempDataStruct Tempdata = {0};
   5:Src/LM75A.c   **** uint8_t Sign = ' '; //温度符号
   6:Src/LM75A.c   **** 
   7:Src/LM75A.c   **** void LM75A_GetTemperature(void)
   8:Src/LM75A.c   **** {
  31              		.loc 1 8 1 view -0
  32              		.cfi_startproc
  33              		@ args = 0, pretend = 0, frame = 8
  34              		@ frame_needed = 0, uses_anonymous_args = 0
  35 0000 10B5     		push	{r4, lr}
  36              	.LCFI0:
  37              		.cfi_def_cfa_offset 8
  38              		.cfi_offset 4, -8
  39              		.cfi_offset 14, -4
  40 0002 86B0     		sub	sp, sp, #24
  41              	.LCFI1:
  42              		.cfi_def_cfa_offset 32
   9:Src/LM75A.c   ****     /*
  10:Src/LM75A.c   ****     Temp register
  11:Src/LM75A.c   ****     -------------------------------------------------------------
  12:Src/LM75A.c   ****     MSByte                         |LSByte
  13:Src/LM75A.c   ****     7   6   5   4   3   2   1   0  |7   6  5   4   3   2    1   0
  14:Src/LM75A.c   ****     D10 D9 D8  D7  D6  D5  D4  D3  |D2  D1 D0  X   X   X    X   X
  15:Src/LM75A.c   ****     -------------------------------------------------------------
  16:Src/LM75A.c   ****     D10=0温度为+,D10=1温度为-
ARM GAS  C:\Users\Javis\AppData\Local\Temp\ccEbdjPs.s 			page 2


  17:Src/LM75A.c   ****     */
  18:Src/LM75A.c   ****     uint8_t TempHL[2];
  43              		.loc 1 18 5 view .LVU1
  19:Src/LM75A.c   ****     HAL_I2C_Mem_Read(&hi2c1, LM75AD_devAddr, LM75AD_TempReg, I2C_MEMADD_SIZE_8BIT, TempHL, 2, 100);
  44              		.loc 1 19 5 view .LVU2
  45 0004 6423     		movs	r3, #100
  46 0006 0293     		str	r3, [sp, #8]
  47 0008 0223     		movs	r3, #2
  48 000a 0193     		str	r3, [sp, #4]
  49 000c 05AB     		add	r3, sp, #20
  50 000e 0093     		str	r3, [sp]
  51 0010 0123     		movs	r3, #1
  52 0012 0022     		movs	r2, #0
  53 0014 9E21     		movs	r1, #158
  54 0016 2748     		ldr	r0, .L5
  55 0018 FFF7FEFF 		bl	HAL_I2C_Mem_Read
  56              	.LVL0:
  20:Src/LM75A.c   ****     Tempdata.TempAll = ((TempHL[0] << 8) | TempHL[1]);
  57              		.loc 1 20 5 view .LVU3
  58              		.loc 1 20 32 is_stmt 0 view .LVU4
  59 001c 9DF81420 		ldrb	r2, [sp, #20]	@ zero_extendqisi2
  60              		.loc 1 20 50 view .LVU5
  61 0020 9DF81530 		ldrb	r3, [sp, #21]	@ zero_extendqisi2
  62              		.loc 1 20 42 view .LVU6
  63 0024 43EA0223 		orr	r3, r3, r2, lsl #8
  64              		.loc 1 20 22 view .LVU7
  65 0028 2349     		ldr	r1, .L5+4
  66 002a 0B81     		strh	r3, [r1, #8]	@ movhi
  21:Src/LM75A.c   ****     if ((TempHL[0] & 0x80) != 0) //如果D10不等于0，则温度为负
  67              		.loc 1 21 5 is_stmt 1 view .LVU8
  68              		.loc 1 21 8 is_stmt 0 view .LVU9
  69 002c 12F0800F 		tst	r2, #128
  70 0030 39D1     		bne	.L4
  71              	.L2:
  22:Src/LM75A.c   ****     {
  23:Src/LM75A.c   ****         Tempdata.TempAll = ~(Tempdata.TempAll) + 1;
  24:Src/LM75A.c   ****         Sign = '-';
  25:Src/LM75A.c   ****     }
  26:Src/LM75A.c   ****     //低5位数据无效移除
  27:Src/LM75A.c   ****     Tempdata.TempAll >>= 5;
  72              		.loc 1 27 5 is_stmt 1 view .LVU10
  73              		.loc 1 27 22 is_stmt 0 view .LVU11
  74 0032 214C     		ldr	r4, .L5+4
  75 0034 2089     		ldrh	r0, [r4, #8]
  28:Src/LM75A.c   ****     Tempdata.TempAll = Tempdata.TempAll * 0.125 * 10 + 0.5;
  76              		.loc 1 28 5 is_stmt 1 view .LVU12
  77              		.loc 1 28 41 is_stmt 0 view .LVU13
  78 0036 4009     		lsrs	r0, r0, #5
  79 0038 FFF7FEFF 		bl	__aeabi_i2d
  80              	.LVL1:
  81 003c 0022     		movs	r2, #0
  82 003e 4FF07F53 		mov	r3, #1069547520
  83 0042 FFF7FEFF 		bl	__aeabi_dmul
  84              	.LVL2:
  85              		.loc 1 28 49 view .LVU14
  86 0046 0022     		movs	r2, #0
  87 0048 1C4B     		ldr	r3, .L5+8
ARM GAS  C:\Users\Javis\AppData\Local\Temp\ccEbdjPs.s 			page 3


  88 004a FFF7FEFF 		bl	__aeabi_dmul
  89              	.LVL3:
  90              		.loc 1 28 54 view .LVU15
  91 004e 0022     		movs	r2, #0
  92 0050 1B4B     		ldr	r3, .L5+12
  93 0052 FFF7FEFF 		bl	__aeabi_dadd
  94              	.LVL4:
  95              		.loc 1 28 22 view .LVU16
  96 0056 FFF7FEFF 		bl	__aeabi_d2uiz
  97              	.LVL5:
  98 005a 80B2     		uxth	r0, r0
  99 005c 2081     		strh	r0, [r4, #8]	@ movhi
  29:Src/LM75A.c   ****     //提取各位部分数据
  30:Src/LM75A.c   ****     Tempdata.Hun = Tempdata.TempAll / 1000;
 100              		.loc 1 30 5 is_stmt 1 view .LVU17
 101              		.loc 1 30 18 is_stmt 0 view .LVU18
 102 005e 194B     		ldr	r3, .L5+16
 103 0060 A3FB0023 		umull	r2, r3, r3, r0
 104 0064 9B09     		lsrs	r3, r3, #6
 105 0066 2380     		strh	r3, [r4]	@ movhi
  31:Src/LM75A.c   ****     Tempdata.Tens = (Tempdata.TempAll / 100) % 10;
 106              		.loc 1 31 5 is_stmt 1 view .LVU19
 107              		.loc 1 31 19 is_stmt 0 view .LVU20
 108 0068 174A     		ldr	r2, .L5+20
 109 006a A2FB0032 		umull	r3, r2, r2, r0
 110 006e 5209     		lsrs	r2, r2, #5
 111 0070 164B     		ldr	r3, .L5+24
 112 0072 A3FB02C1 		umull	ip, r1, r3, r2
 113 0076 C908     		lsrs	r1, r1, #3
 114 0078 01EB8101 		add	r1, r1, r1, lsl #2
 115 007c A2EB4102 		sub	r2, r2, r1, lsl #1
 116 0080 6280     		strh	r2, [r4, #2]	@ movhi
  32:Src/LM75A.c   ****     Tempdata.Unit = (Tempdata.TempAll / 10) % 10;
 117              		.loc 1 32 5 is_stmt 1 view .LVU21
 118              		.loc 1 32 19 is_stmt 0 view .LVU22
 119 0082 A3FB0012 		umull	r1, r2, r3, r0
 120 0086 D108     		lsrs	r1, r2, #3
 121 0088 A3FB01C3 		umull	ip, r3, r3, r1
 122 008c DB08     		lsrs	r3, r3, #3
 123 008e 03EB8303 		add	r3, r3, r3, lsl #2
 124 0092 A1EB4303 		sub	r3, r1, r3, lsl #1
 125 0096 A380     		strh	r3, [r4, #4]	@ movhi
  33:Src/LM75A.c   ****     Tempdata.Decimals = Tempdata.TempAll % 10;
 126              		.loc 1 33 5 is_stmt 1 view .LVU23
 127              		.loc 1 33 23 is_stmt 0 view .LVU24
 128 0098 01EB8101 		add	r1, r1, r1, lsl #2
 129 009c A0EB4100 		sub	r0, r0, r1, lsl #1
 130 00a0 E080     		strh	r0, [r4, #6]	@ movhi
  34:Src/LM75A.c   **** }
 131              		.loc 1 34 1 view .LVU25
 132 00a2 06B0     		add	sp, sp, #24
 133              	.LCFI2:
 134              		.cfi_remember_state
 135              		.cfi_def_cfa_offset 8
 136              		@ sp needed
 137 00a4 10BD     		pop	{r4, pc}
 138              	.L4:
ARM GAS  C:\Users\Javis\AppData\Local\Temp\ccEbdjPs.s 			page 4


 139              	.LCFI3:
 140              		.cfi_restore_state
  23:Src/LM75A.c   ****         Sign = '-';
 141              		.loc 1 23 9 is_stmt 1 view .LVU26
  23:Src/LM75A.c   ****         Sign = '-';
 142              		.loc 1 23 26 is_stmt 0 view .LVU27
 143 00a6 5B42     		rsbs	r3, r3, #0
 144 00a8 0B81     		strh	r3, [r1, #8]	@ movhi
  24:Src/LM75A.c   ****     }
 145              		.loc 1 24 9 is_stmt 1 view .LVU28
  24:Src/LM75A.c   ****     }
 146              		.loc 1 24 14 is_stmt 0 view .LVU29
 147 00aa 094B     		ldr	r3, .L5+28
 148 00ac 2D22     		movs	r2, #45
 149 00ae 1A70     		strb	r2, [r3]
 150 00b0 BFE7     		b	.L2
 151              	.L6:
 152 00b2 00BF     		.align	2
 153              	.L5:
 154 00b4 00000000 		.word	hi2c1
 155 00b8 00000000 		.word	.LANCHOR0
 156 00bc 00002440 		.word	1076101120
 157 00c0 0000E03F 		.word	1071644672
 158 00c4 D34D6210 		.word	274877907
 159 00c8 1F85EB51 		.word	1374389535
 160 00cc CDCCCCCC 		.word	-858993459
 161 00d0 00000000 		.word	.LANCHOR1
 162              		.cfi_endproc
 163              	.LFE65:
 165              		.global	Sign
 166              		.global	Tempdata
 167              		.section	.bss.Tempdata,"aw",%nobits
 168              		.align	2
 169              		.set	.LANCHOR0,. + 0
 172              	Tempdata:
 173 0000 00000000 		.space	10
 173      00000000 
 173      0000
 174              		.section	.data.Sign,"aw"
 175              		.set	.LANCHOR1,. + 0
 178              	Sign:
 179 0000 20       		.byte	32
 180              		.text
 181              	.Letext0:
 182              		.file 2 "d:\\armgcc\\9 2020-q2-update\\arm-none-eabi\\include\\machine\\_default_types.h"
 183              		.file 3 "d:\\armgcc\\9 2020-q2-update\\arm-none-eabi\\include\\sys\\_stdint.h"
 184              		.file 4 "Drivers/CMSIS/Include/core_cm3.h"
 185              		.file 5 "Drivers/CMSIS/Device/ST/STM32F1xx/Include/system_stm32f1xx.h"
 186              		.file 6 "Drivers/CMSIS/Device/ST/STM32F1xx/Include/stm32f103xe.h"
 187              		.file 7 "Drivers/STM32F1xx_HAL_Driver/Inc/stm32f1xx_hal_def.h"
 188              		.file 8 "Drivers/STM32F1xx_HAL_Driver/Inc/stm32f1xx_hal_dma.h"
 189              		.file 9 "Drivers/STM32F1xx_HAL_Driver/Inc/stm32f1xx_hal_i2c.h"
 190              		.file 10 "Drivers/STM32F1xx_HAL_Driver/Inc/stm32f1xx_hal.h"
 191              		.file 11 "Inc/i2c.h"
 192              		.file 12 "Inc/LM75A.h"
ARM GAS  C:\Users\Javis\AppData\Local\Temp\ccEbdjPs.s 			page 5


DEFINED SYMBOLS
                            *ABS*:00000000 LM75A.c
C:\Users\Javis\AppData\Local\Temp\ccEbdjPs.s:20     .text.LM75A_GetTemperature:00000000 $t
C:\Users\Javis\AppData\Local\Temp\ccEbdjPs.s:28     .text.LM75A_GetTemperature:00000000 LM75A_GetTemperature
C:\Users\Javis\AppData\Local\Temp\ccEbdjPs.s:154    .text.LM75A_GetTemperature:000000b4 $d
C:\Users\Javis\AppData\Local\Temp\ccEbdjPs.s:178    .data.Sign:00000000 Sign
C:\Users\Javis\AppData\Local\Temp\ccEbdjPs.s:172    .bss.Tempdata:00000000 Tempdata
C:\Users\Javis\AppData\Local\Temp\ccEbdjPs.s:168    .bss.Tempdata:00000000 $d

UNDEFINED SYMBOLS
__aeabi_i2d
__aeabi_dmul
__aeabi_dadd
__aeabi_d2uiz
HAL_I2C_Mem_Read
hi2c1
