ARM GAS  C:\Users\Javis\AppData\Local\Temp\ccGShLpJ.s 			page 1


   1              		.cpu cortex-m3
   2              		.eabi_attribute 20, 1
   3              		.eabi_attribute 21, 1
   4              		.eabi_attribute 23, 3
   5              		.eabi_attribute 24, 1
   6              		.eabi_attribute 25, 1
   7              		.eabi_attribute 26, 1
   8              		.eabi_attribute 30, 1
   9              		.eabi_attribute 34, 1
  10              		.eabi_attribute 18, 4
  11              		.file	"main.c"
  12              		.text
  13              	.Ltext0:
  14              		.cfi_sections	.debug_frame
  15              		.section	.text.SystemClock_Config,"ax",%progbits
  16              		.align	1
  17              		.global	SystemClock_Config
  18              		.arch armv7-m
  19              		.syntax unified
  20              		.thumb
  21              		.thumb_func
  22              		.fpu softvfp
  24              	SystemClock_Config:
  25              	.LFB69:
  26              		.file 1 "Src/main.c"
   1:Src/main.c    **** /* USER CODE BEGIN Header */
   2:Src/main.c    **** /**
   3:Src/main.c    ****   ******************************************************************************
   4:Src/main.c    ****   * @file           : main.c
   5:Src/main.c    ****   * @brief          : Main program body
   6:Src/main.c    ****   ******************************************************************************
   7:Src/main.c    ****   * @attention
   8:Src/main.c    ****   *
   9:Src/main.c    ****   * <h2><center>&copy; Copyright (c) 2020 STMicroelectronics.
  10:Src/main.c    ****   * All rights reserved.</center></h2>
  11:Src/main.c    ****   *
  12:Src/main.c    ****   * This software component is licensed by ST under BSD 3-Clause license,
  13:Src/main.c    ****   * the "License"; You may not use this file except in compliance with the
  14:Src/main.c    ****   * License. You may obtain a copy of the License at:
  15:Src/main.c    ****   *                        opensource.org/licenses/BSD-3-Clause
  16:Src/main.c    ****   *
  17:Src/main.c    ****   ******************************************************************************
  18:Src/main.c    ****   */
  19:Src/main.c    **** /* USER CODE END Header */
  20:Src/main.c    **** 
  21:Src/main.c    **** /* Includes ------------------------------------------------------------------*/
  22:Src/main.c    **** #include "main.h"
  23:Src/main.c    **** #include "i2c.h"
  24:Src/main.c    **** #include "usart.h"
  25:Src/main.c    **** #include "gpio.h"
  26:Src/main.c    **** 
  27:Src/main.c    **** /* Private includes ----------------------------------------------------------*/
  28:Src/main.c    **** /* USER CODE BEGIN Includes */
  29:Src/main.c    **** #include "LM75A.h"
  30:Src/main.c    **** /* USER CODE END Includes */
  31:Src/main.c    **** 
  32:Src/main.c    **** /* Private typedef -----------------------------------------------------------*/
ARM GAS  C:\Users\Javis\AppData\Local\Temp\ccGShLpJ.s 			page 2


  33:Src/main.c    **** /* USER CODE BEGIN PTD */
  34:Src/main.c    **** 
  35:Src/main.c    **** /* USER CODE END PTD */
  36:Src/main.c    **** 
  37:Src/main.c    **** /* Private define ------------------------------------------------------------*/
  38:Src/main.c    **** /* USER CODE BEGIN PD */
  39:Src/main.c    **** /* USER CODE END PD */
  40:Src/main.c    **** 
  41:Src/main.c    **** /* Private macro -------------------------------------------------------------*/
  42:Src/main.c    **** /* USER CODE BEGIN PM */
  43:Src/main.c    **** 
  44:Src/main.c    **** /* USER CODE END PM */
  45:Src/main.c    **** 
  46:Src/main.c    **** /* Private variables ---------------------------------------------------------*/
  47:Src/main.c    **** 
  48:Src/main.c    **** /* USER CODE BEGIN PV */
  49:Src/main.c    **** 
  50:Src/main.c    **** /* USER CODE END PV */
  51:Src/main.c    **** 
  52:Src/main.c    **** /* Private function prototypes -----------------------------------------------*/
  53:Src/main.c    **** void SystemClock_Config(void);
  54:Src/main.c    **** /* USER CODE BEGIN PFP */
  55:Src/main.c    **** 
  56:Src/main.c    **** /* USER CODE END PFP */
  57:Src/main.c    **** 
  58:Src/main.c    **** /* Private user code ---------------------------------------------------------*/
  59:Src/main.c    **** /* USER CODE BEGIN 0 */
  60:Src/main.c    **** 
  61:Src/main.c    **** /* USER CODE END 0 */
  62:Src/main.c    **** 
  63:Src/main.c    **** /**
  64:Src/main.c    ****   * @brief  The application entry point.
  65:Src/main.c    ****   * @retval int
  66:Src/main.c    ****   */
  67:Src/main.c    **** int main(void)
  68:Src/main.c    **** {
  69:Src/main.c    ****   /* USER CODE BEGIN 1 */
  70:Src/main.c    **** 
  71:Src/main.c    ****   /* USER CODE END 1 */
  72:Src/main.c    **** 
  73:Src/main.c    ****   /* MCU Configuration--------------------------------------------------------*/
  74:Src/main.c    **** 
  75:Src/main.c    ****   /* Reset of all peripherals, Initializes the Flash interface and the Systick. */
  76:Src/main.c    ****   HAL_Init();
  77:Src/main.c    **** 
  78:Src/main.c    ****   /* USER CODE BEGIN Init */
  79:Src/main.c    **** 
  80:Src/main.c    ****   /* USER CODE END Init */
  81:Src/main.c    **** 
  82:Src/main.c    ****   /* Configure the system clock */
  83:Src/main.c    ****   SystemClock_Config();
  84:Src/main.c    **** 
  85:Src/main.c    ****   /* USER CODE BEGIN SysInit */
  86:Src/main.c    **** 
  87:Src/main.c    ****   /* USER CODE END SysInit */
  88:Src/main.c    **** 
  89:Src/main.c    ****   /* Initialize all configured peripherals */
ARM GAS  C:\Users\Javis\AppData\Local\Temp\ccGShLpJ.s 			page 3


  90:Src/main.c    ****   MX_GPIO_Init();
  91:Src/main.c    ****   MX_I2C1_Init();
  92:Src/main.c    ****   MX_USART1_UART_Init();
  93:Src/main.c    ****   /* USER CODE BEGIN 2 */
  94:Src/main.c    ****   uint16_t count = 0;
  95:Src/main.c    ****   /* USER CODE END 2 */
  96:Src/main.c    **** 
  97:Src/main.c    ****   /* Infinite loop */
  98:Src/main.c    ****   /* USER CODE BEGIN WHILE */
  99:Src/main.c    ****   while (1)
 100:Src/main.c    ****   {
 101:Src/main.c    ****     /* USER CODE END WHILE */
 102:Src/main.c    **** 
 103:Src/main.c    ****     /* USER CODE BEGIN 3 */
 104:Src/main.c    ****     LM75A_GetTemperature();
 105:Src/main.c    ****     printf("-----Get Temperature-----\r\n");
 106:Src/main.c    ****     printf("%d-Temp:%d\r\n", count++, Tempdata.TempAll);
 107:Src/main.c    ****     printf("Hun:%d\r\n", Tempdata.Hun);
 108:Src/main.c    ****     printf("Tens:%d\r\n", Tempdata.Tens);
 109:Src/main.c    ****     printf("Unit:%d\r\n", Tempdata.Unit);
 110:Src/main.c    ****     printf("Decimals:%d\r\n\n", Tempdata.Decimals);
 111:Src/main.c    ****     HAL_GPIO_TogglePin(LED0_GPIO_Port, LED0_Pin);
 112:Src/main.c    ****     HAL_Delay(1000);
 113:Src/main.c    ****   }
 114:Src/main.c    ****   /* USER CODE END 3 */
 115:Src/main.c    **** }
 116:Src/main.c    **** 
 117:Src/main.c    **** /**
 118:Src/main.c    ****   * @brief System Clock Configuration
 119:Src/main.c    ****   * @retval None
 120:Src/main.c    ****   */
 121:Src/main.c    **** void SystemClock_Config(void)
 122:Src/main.c    **** {
  27              		.loc 1 122 1 view -0
  28              		.cfi_startproc
  29              		@ args = 0, pretend = 0, frame = 64
  30              		@ frame_needed = 0, uses_anonymous_args = 0
  31 0000 30B5     		push	{r4, r5, lr}
  32              	.LCFI0:
  33              		.cfi_def_cfa_offset 12
  34              		.cfi_offset 4, -12
  35              		.cfi_offset 5, -8
  36              		.cfi_offset 14, -4
  37 0002 91B0     		sub	sp, sp, #68
  38              	.LCFI1:
  39              		.cfi_def_cfa_offset 80
 123:Src/main.c    ****   RCC_OscInitTypeDef RCC_OscInitStruct = {0};
  40              		.loc 1 123 3 view .LVU1
  41              		.loc 1 123 22 is_stmt 0 view .LVU2
  42 0004 0024     		movs	r4, #0
  43 0006 0994     		str	r4, [sp, #36]
  44 0008 0B94     		str	r4, [sp, #44]
  45 000a 0C94     		str	r4, [sp, #48]
 124:Src/main.c    ****   RCC_ClkInitTypeDef RCC_ClkInitStruct = {0};
  46              		.loc 1 124 3 is_stmt 1 view .LVU3
  47              		.loc 1 124 22 is_stmt 0 view .LVU4
  48 000c 0194     		str	r4, [sp, #4]
ARM GAS  C:\Users\Javis\AppData\Local\Temp\ccGShLpJ.s 			page 4


  49 000e 0294     		str	r4, [sp, #8]
  50 0010 0394     		str	r4, [sp, #12]
  51 0012 0494     		str	r4, [sp, #16]
  52 0014 0594     		str	r4, [sp, #20]
 125:Src/main.c    **** 
 126:Src/main.c    ****   /** Initializes the CPU, AHB and APB busses clocks 
 127:Src/main.c    ****   */
 128:Src/main.c    ****   RCC_OscInitStruct.OscillatorType = RCC_OSCILLATORTYPE_HSE;
  53              		.loc 1 128 3 is_stmt 1 view .LVU5
  54              		.loc 1 128 36 is_stmt 0 view .LVU6
  55 0016 0122     		movs	r2, #1
  56 0018 0692     		str	r2, [sp, #24]
 129:Src/main.c    ****   RCC_OscInitStruct.HSEState = RCC_HSE_ON;
  57              		.loc 1 129 3 is_stmt 1 view .LVU7
  58              		.loc 1 129 30 is_stmt 0 view .LVU8
  59 001a 4FF48033 		mov	r3, #65536
  60 001e 0793     		str	r3, [sp, #28]
 130:Src/main.c    ****   RCC_OscInitStruct.HSEPredivValue = RCC_HSE_PREDIV_DIV1;
  61              		.loc 1 130 3 is_stmt 1 view .LVU9
  62              		.loc 1 130 36 is_stmt 0 view .LVU10
  63 0020 0894     		str	r4, [sp, #32]
 131:Src/main.c    ****   RCC_OscInitStruct.HSIState = RCC_HSI_ON;
  64              		.loc 1 131 3 is_stmt 1 view .LVU11
  65              		.loc 1 131 30 is_stmt 0 view .LVU12
  66 0022 0A92     		str	r2, [sp, #40]
 132:Src/main.c    ****   RCC_OscInitStruct.PLL.PLLState = RCC_PLL_ON;
  67              		.loc 1 132 3 is_stmt 1 view .LVU13
  68              		.loc 1 132 34 is_stmt 0 view .LVU14
  69 0024 0225     		movs	r5, #2
  70 0026 0D95     		str	r5, [sp, #52]
 133:Src/main.c    ****   RCC_OscInitStruct.PLL.PLLSource = RCC_PLLSOURCE_HSE;
  71              		.loc 1 133 3 is_stmt 1 view .LVU15
  72              		.loc 1 133 35 is_stmt 0 view .LVU16
  73 0028 0E93     		str	r3, [sp, #56]
 134:Src/main.c    ****   RCC_OscInitStruct.PLL.PLLMUL = RCC_PLL_MUL9;
  74              		.loc 1 134 3 is_stmt 1 view .LVU17
  75              		.loc 1 134 32 is_stmt 0 view .LVU18
  76 002a 4FF4E013 		mov	r3, #1835008
  77 002e 0F93     		str	r3, [sp, #60]
 135:Src/main.c    ****   if (HAL_RCC_OscConfig(&RCC_OscInitStruct) != HAL_OK)
  78              		.loc 1 135 3 is_stmt 1 view .LVU19
  79              		.loc 1 135 7 is_stmt 0 view .LVU20
  80 0030 06A8     		add	r0, sp, #24
  81 0032 FFF7FEFF 		bl	HAL_RCC_OscConfig
  82              	.LVL0:
 136:Src/main.c    ****   {
 137:Src/main.c    ****     Error_Handler();
 138:Src/main.c    ****   }
 139:Src/main.c    ****   /** Initializes the CPU, AHB and APB busses clocks 
 140:Src/main.c    ****   */
 141:Src/main.c    ****   RCC_ClkInitStruct.ClockType = RCC_CLOCKTYPE_HCLK | RCC_CLOCKTYPE_SYSCLK | RCC_CLOCKTYPE_PCLK1 | R
  83              		.loc 1 141 3 is_stmt 1 view .LVU21
  84              		.loc 1 141 31 is_stmt 0 view .LVU22
  85 0036 0F23     		movs	r3, #15
  86 0038 0193     		str	r3, [sp, #4]
 142:Src/main.c    ****   RCC_ClkInitStruct.SYSCLKSource = RCC_SYSCLKSOURCE_PLLCLK;
  87              		.loc 1 142 3 is_stmt 1 view .LVU23
ARM GAS  C:\Users\Javis\AppData\Local\Temp\ccGShLpJ.s 			page 5


  88              		.loc 1 142 34 is_stmt 0 view .LVU24
  89 003a 0295     		str	r5, [sp, #8]
 143:Src/main.c    ****   RCC_ClkInitStruct.AHBCLKDivider = RCC_SYSCLK_DIV1;
  90              		.loc 1 143 3 is_stmt 1 view .LVU25
  91              		.loc 1 143 35 is_stmt 0 view .LVU26
  92 003c 0394     		str	r4, [sp, #12]
 144:Src/main.c    ****   RCC_ClkInitStruct.APB1CLKDivider = RCC_HCLK_DIV2;
  93              		.loc 1 144 3 is_stmt 1 view .LVU27
  94              		.loc 1 144 36 is_stmt 0 view .LVU28
  95 003e 4FF48063 		mov	r3, #1024
  96 0042 0493     		str	r3, [sp, #16]
 145:Src/main.c    ****   RCC_ClkInitStruct.APB2CLKDivider = RCC_HCLK_DIV1;
  97              		.loc 1 145 3 is_stmt 1 view .LVU29
  98              		.loc 1 145 36 is_stmt 0 view .LVU30
  99 0044 0594     		str	r4, [sp, #20]
 146:Src/main.c    **** 
 147:Src/main.c    ****   if (HAL_RCC_ClockConfig(&RCC_ClkInitStruct, FLASH_LATENCY_2) != HAL_OK)
 100              		.loc 1 147 3 is_stmt 1 view .LVU31
 101              		.loc 1 147 7 is_stmt 0 view .LVU32
 102 0046 2946     		mov	r1, r5
 103 0048 01A8     		add	r0, sp, #4
 104 004a FFF7FEFF 		bl	HAL_RCC_ClockConfig
 105              	.LVL1:
 148:Src/main.c    ****   {
 149:Src/main.c    ****     Error_Handler();
 150:Src/main.c    ****   }
 151:Src/main.c    **** }
 106              		.loc 1 151 1 view .LVU33
 107 004e 11B0     		add	sp, sp, #68
 108              	.LCFI2:
 109              		.cfi_def_cfa_offset 12
 110              		@ sp needed
 111 0050 30BD     		pop	{r4, r5, pc}
 112              		.cfi_endproc
 113              	.LFE69:
 115              		.section	.rodata.main.str1.4,"aMS",%progbits,1
 116              		.align	2
 117              	.LC0:
 118 0000 2D2D2D2D 		.ascii	"-----Get Temperature-----\015\000"
 118      2D476574 
 118      2054656D 
 118      70657261 
 118      74757265 
 119 001b 00       		.align	2
 120              	.LC1:
 121 001c 25642D54 		.ascii	"%d-Temp:%d\015\012\000"
 121      656D703A 
 121      25640D0A 
 121      00
 122 0029 000000   		.align	2
 123              	.LC2:
 124 002c 48756E3A 		.ascii	"Hun:%d\015\012\000"
 124      25640D0A 
 124      00
 125 0035 000000   		.align	2
 126              	.LC3:
 127 0038 54656E73 		.ascii	"Tens:%d\015\012\000"
ARM GAS  C:\Users\Javis\AppData\Local\Temp\ccGShLpJ.s 			page 6


 127      3A25640D 
 127      0A00
 128 0042 0000     		.align	2
 129              	.LC4:
 130 0044 556E6974 		.ascii	"Unit:%d\015\012\000"
 130      3A25640D 
 130      0A00
 131 004e 0000     		.align	2
 132              	.LC5:
 133 0050 44656369 		.ascii	"Decimals:%d\015\012\012\000"
 133      6D616C73 
 133      3A25640D 
 133      0A0A00
 134              		.section	.text.main,"ax",%progbits
 135              		.align	1
 136              		.global	main
 137              		.syntax unified
 138              		.thumb
 139              		.thumb_func
 140              		.fpu softvfp
 142              	main:
 143              	.LFB68:
  68:Src/main.c    ****   /* USER CODE BEGIN 1 */
 144              		.loc 1 68 1 is_stmt 1 view -0
 145              		.cfi_startproc
 146              		@ args = 0, pretend = 0, frame = 0
 147              		@ frame_needed = 0, uses_anonymous_args = 0
 148 0000 70B5     		push	{r4, r5, r6, lr}
 149              	.LCFI3:
 150              		.cfi_def_cfa_offset 16
 151              		.cfi_offset 4, -16
 152              		.cfi_offset 5, -12
 153              		.cfi_offset 6, -8
 154              		.cfi_offset 14, -4
  76:Src/main.c    **** 
 155              		.loc 1 76 3 view .LVU35
 156 0002 FFF7FEFF 		bl	HAL_Init
 157              	.LVL2:
  83:Src/main.c    **** 
 158              		.loc 1 83 3 view .LVU36
 159 0006 FFF7FEFF 		bl	SystemClock_Config
 160              	.LVL3:
  90:Src/main.c    ****   MX_I2C1_Init();
 161              		.loc 1 90 3 view .LVU37
 162 000a FFF7FEFF 		bl	MX_GPIO_Init
 163              	.LVL4:
  91:Src/main.c    ****   MX_USART1_UART_Init();
 164              		.loc 1 91 3 view .LVU38
 165 000e FFF7FEFF 		bl	MX_I2C1_Init
 166              	.LVL5:
  92:Src/main.c    ****   /* USER CODE BEGIN 2 */
 167              		.loc 1 92 3 view .LVU39
 168 0012 FFF7FEFF 		bl	MX_USART1_UART_Init
 169              	.LVL6:
  94:Src/main.c    ****   /* USER CODE END 2 */
 170              		.loc 1 94 3 view .LVU40
  94:Src/main.c    ****   /* USER CODE END 2 */
ARM GAS  C:\Users\Javis\AppData\Local\Temp\ccGShLpJ.s 			page 7


 171              		.loc 1 94 12 is_stmt 0 view .LVU41
 172 0016 0026     		movs	r6, #0
 173              	.LVL7:
 174              	.L4:
  99:Src/main.c    ****   {
 175              		.loc 1 99 3 is_stmt 1 discriminator 1 view .LVU42
 104:Src/main.c    ****     printf("-----Get Temperature-----\r\n");
 176              		.loc 1 104 5 discriminator 1 view .LVU43
 177 0018 FFF7FEFF 		bl	LM75A_GetTemperature
 178              	.LVL8:
 105:Src/main.c    ****     printf("%d-Temp:%d\r\n", count++, Tempdata.TempAll);
 179              		.loc 1 105 5 discriminator 1 view .LVU44
 180 001c 1248     		ldr	r0, .L6
 181 001e FFF7FEFF 		bl	puts
 182              	.LVL9:
 106:Src/main.c    ****     printf("Hun:%d\r\n", Tempdata.Hun);
 183              		.loc 1 106 5 discriminator 1 view .LVU45
 106:Src/main.c    ****     printf("Hun:%d\r\n", Tempdata.Hun);
 184              		.loc 1 106 35 is_stmt 0 discriminator 1 view .LVU46
 185 0022 751C     		adds	r5, r6, #1
 186 0024 ADB2     		uxth	r5, r5
 187              	.LVL10:
 106:Src/main.c    ****     printf("Hun:%d\r\n", Tempdata.Hun);
 188              		.loc 1 106 47 discriminator 1 view .LVU47
 189 0026 114C     		ldr	r4, .L6+4
 106:Src/main.c    ****     printf("Hun:%d\r\n", Tempdata.Hun);
 190              		.loc 1 106 5 discriminator 1 view .LVU48
 191 0028 2289     		ldrh	r2, [r4, #8]
 192 002a 3146     		mov	r1, r6
 193 002c 1048     		ldr	r0, .L6+8
 194 002e FFF7FEFF 		bl	printf
 195              	.LVL11:
 107:Src/main.c    ****     printf("Tens:%d\r\n", Tempdata.Tens);
 196              		.loc 1 107 5 is_stmt 1 discriminator 1 view .LVU49
 197 0032 2188     		ldrh	r1, [r4]
 198 0034 0F48     		ldr	r0, .L6+12
 199 0036 FFF7FEFF 		bl	printf
 200              	.LVL12:
 108:Src/main.c    ****     printf("Unit:%d\r\n", Tempdata.Unit);
 201              		.loc 1 108 5 discriminator 1 view .LVU50
 202 003a 6188     		ldrh	r1, [r4, #2]
 203 003c 0E48     		ldr	r0, .L6+16
 204 003e FFF7FEFF 		bl	printf
 205              	.LVL13:
 109:Src/main.c    ****     printf("Decimals:%d\r\n\n", Tempdata.Decimals);
 206              		.loc 1 109 5 discriminator 1 view .LVU51
 207 0042 A188     		ldrh	r1, [r4, #4]
 208 0044 0D48     		ldr	r0, .L6+20
 209 0046 FFF7FEFF 		bl	printf
 210              	.LVL14:
 110:Src/main.c    ****     HAL_GPIO_TogglePin(LED0_GPIO_Port, LED0_Pin);
 211              		.loc 1 110 5 discriminator 1 view .LVU52
 212 004a E188     		ldrh	r1, [r4, #6]
 213 004c 0C48     		ldr	r0, .L6+24
 214 004e FFF7FEFF 		bl	printf
 215              	.LVL15:
 111:Src/main.c    ****     HAL_Delay(1000);
ARM GAS  C:\Users\Javis\AppData\Local\Temp\ccGShLpJ.s 			page 8


 216              		.loc 1 111 5 discriminator 1 view .LVU53
 217 0052 2021     		movs	r1, #32
 218 0054 0B48     		ldr	r0, .L6+28
 219 0056 FFF7FEFF 		bl	HAL_GPIO_TogglePin
 220              	.LVL16:
 112:Src/main.c    ****   }
 221              		.loc 1 112 5 discriminator 1 view .LVU54
 222 005a 4FF47A70 		mov	r0, #1000
 223 005e FFF7FEFF 		bl	HAL_Delay
 224              	.LVL17:
  99:Src/main.c    ****   {
 225              		.loc 1 99 9 discriminator 1 view .LVU55
 106:Src/main.c    ****     printf("Hun:%d\r\n", Tempdata.Hun);
 226              		.loc 1 106 35 is_stmt 0 discriminator 1 view .LVU56
 227 0062 2E46     		mov	r6, r5
 228 0064 D8E7     		b	.L4
 229              	.L7:
 230 0066 00BF     		.align	2
 231              	.L6:
 232 0068 00000000 		.word	.LC0
 233 006c 00000000 		.word	Tempdata
 234 0070 1C000000 		.word	.LC1
 235 0074 2C000000 		.word	.LC2
 236 0078 38000000 		.word	.LC3
 237 007c 44000000 		.word	.LC4
 238 0080 50000000 		.word	.LC5
 239 0084 000C0140 		.word	1073810432
 240              		.cfi_endproc
 241              	.LFE68:
 243              		.section	.text.Error_Handler,"ax",%progbits
 244              		.align	1
 245              		.global	Error_Handler
 246              		.syntax unified
 247              		.thumb
 248              		.thumb_func
 249              		.fpu softvfp
 251              	Error_Handler:
 252              	.LFB70:
 152:Src/main.c    **** 
 153:Src/main.c    **** /* USER CODE BEGIN 4 */
 154:Src/main.c    **** 
 155:Src/main.c    **** /* USER CODE END 4 */
 156:Src/main.c    **** 
 157:Src/main.c    **** /**
 158:Src/main.c    ****   * @brief  This function is executed in case of error occurrence.
 159:Src/main.c    ****   * @retval None
 160:Src/main.c    ****   */
 161:Src/main.c    **** void Error_Handler(void)
 162:Src/main.c    **** {
 253              		.loc 1 162 1 is_stmt 1 view -0
 254              		.cfi_startproc
 255              		@ args = 0, pretend = 0, frame = 0
 256              		@ frame_needed = 0, uses_anonymous_args = 0
 257              		@ link register save eliminated.
 163:Src/main.c    ****   /* USER CODE BEGIN Error_Handler_Debug */
 164:Src/main.c    ****   /* User can add his own implementation to report the HAL error return state */
 165:Src/main.c    **** 
ARM GAS  C:\Users\Javis\AppData\Local\Temp\ccGShLpJ.s 			page 9


 166:Src/main.c    ****   /* USER CODE END Error_Handler_Debug */
 167:Src/main.c    **** }
 258              		.loc 1 167 1 view .LVU58
 259 0000 7047     		bx	lr
 260              		.cfi_endproc
 261              	.LFE70:
 263              		.text
 264              	.Letext0:
 265              		.file 2 "d:\\armgcc\\9 2020-q2-update\\arm-none-eabi\\include\\machine\\_default_types.h"
 266              		.file 3 "d:\\armgcc\\9 2020-q2-update\\arm-none-eabi\\include\\sys\\_stdint.h"
 267              		.file 4 "Drivers/CMSIS/Include/core_cm3.h"
 268              		.file 5 "Drivers/CMSIS/Device/ST/STM32F1xx/Include/system_stm32f1xx.h"
 269              		.file 6 "Drivers/CMSIS/Device/ST/STM32F1xx/Include/stm32f103xe.h"
 270              		.file 7 "Drivers/STM32F1xx_HAL_Driver/Inc/stm32f1xx_hal_def.h"
 271              		.file 8 "Drivers/STM32F1xx_HAL_Driver/Inc/stm32f1xx_hal_rcc.h"
 272              		.file 9 "Drivers/STM32F1xx_HAL_Driver/Inc/stm32f1xx_hal_rcc_ex.h"
 273              		.file 10 "Drivers/STM32F1xx_HAL_Driver/Inc/stm32f1xx_hal_dma.h"
 274              		.file 11 "Drivers/STM32F1xx_HAL_Driver/Inc/stm32f1xx_hal_i2c.h"
 275              		.file 12 "Drivers/STM32F1xx_HAL_Driver/Inc/stm32f1xx_hal_uart.h"
 276              		.file 13 "Drivers/STM32F1xx_HAL_Driver/Inc/stm32f1xx_hal.h"
 277              		.file 14 "Inc/i2c.h"
 278              		.file 15 "d:\\armgcc\\9 2020-q2-update\\lib\\gcc\\arm-none-eabi\\9.3.1\\include\\stddef.h"
 279              		.file 16 "d:\\armgcc\\9 2020-q2-update\\arm-none-eabi\\include\\sys\\_types.h"
 280              		.file 17 "d:\\armgcc\\9 2020-q2-update\\arm-none-eabi\\include\\sys\\reent.h"
 281              		.file 18 "d:\\armgcc\\9 2020-q2-update\\arm-none-eabi\\include\\sys\\lock.h"
 282              		.file 19 "Inc/usart.h"
 283              		.file 20 "Inc/LM75A.h"
 284              		.file 21 "Inc/gpio.h"
 285              		.file 22 "d:\\armgcc\\9 2020-q2-update\\arm-none-eabi\\include\\stdio.h"
 286              		.file 23 "Drivers/STM32F1xx_HAL_Driver/Inc/stm32f1xx_hal_gpio.h"
 287              		.file 24 "<built-in>"
ARM GAS  C:\Users\Javis\AppData\Local\Temp\ccGShLpJ.s 			page 10


DEFINED SYMBOLS
                            *ABS*:00000000 main.c
C:\Users\Javis\AppData\Local\Temp\ccGShLpJ.s:16     .text.SystemClock_Config:00000000 $t
C:\Users\Javis\AppData\Local\Temp\ccGShLpJ.s:24     .text.SystemClock_Config:00000000 SystemClock_Config
C:\Users\Javis\AppData\Local\Temp\ccGShLpJ.s:116    .rodata.main.str1.4:00000000 $d
C:\Users\Javis\AppData\Local\Temp\ccGShLpJ.s:135    .text.main:00000000 $t
C:\Users\Javis\AppData\Local\Temp\ccGShLpJ.s:142    .text.main:00000000 main
C:\Users\Javis\AppData\Local\Temp\ccGShLpJ.s:232    .text.main:00000068 $d
C:\Users\Javis\AppData\Local\Temp\ccGShLpJ.s:244    .text.Error_Handler:00000000 $t
C:\Users\Javis\AppData\Local\Temp\ccGShLpJ.s:251    .text.Error_Handler:00000000 Error_Handler

UNDEFINED SYMBOLS
HAL_RCC_OscConfig
HAL_RCC_ClockConfig
HAL_Init
MX_GPIO_Init
MX_I2C1_Init
MX_USART1_UART_Init
LM75A_GetTemperature
puts
printf
HAL_GPIO_TogglePin
HAL_Delay
Tempdata
